<?xml version="1.0" encoding="UTF-8"?>
<!-- Generated by org.testng.reporters.JUnitXMLReporter -->
<testsuite hostname="IGNP-LPWDEV0167" ignored="0" name="Login Page Form Test" tests="5" failures="0" timestamp="2024-04-30T17:37:23 IST" time="0.114" errors="0">
  <testcase name="Find_Username_Label" time="0.02" classname="maven_demo.LoginPageUITest"/>
  <testcase name="Find_Email_Input" time="0.016" classname="maven_demo.LoginPageUITest"/>
  <testcase name="Find_Password_Label" time="0.015" classname="maven_demo.LoginPageUITest"/>
  <testcase name="Find_Password_Input" time="0.015" classname="maven_demo.LoginPageUITest"/>
  <testcase name="Find_Signin_Button" time="0.021" classname="maven_demo.LoginPageUITest"/>
</testsuite> <!-- Login Page Form Test -->
