<?xml version="1.0" encoding="UTF-8"?>
<!-- Generated by org.testng.reporters.JUnitXMLReporter -->
<testsuite ignored="0" hostname="IGNP-LPWDEV0167" failures="0" tests="5" name="Login Page Form Test" time="0.076" errors="0" timestamp="2024-04-30T23:54:58 IST">
  <testcase classname="maven_demo.LoginPageUITest" name="Find_Username_Label" time="0.022"/>
  <testcase classname="maven_demo.LoginPageUITest" name="Find_Email_Input" time="0.006"/>
  <testcase classname="maven_demo.LoginPageUITest" name="Find_Password_Label" time="0.007"/>
  <testcase classname="maven_demo.LoginPageUITest" name="Find_Password_Input" time="0.006"/>
  <testcase classname="maven_demo.LoginPageUITest" name="Find_Signin_Button" time="0.005"/>
</testsuite> <!-- Login Page Form Test -->
