<?xml version="1.0" encoding="UTF-8"?>
<!-- Generated by org.testng.reporters.JUnitXMLReporter -->
<testsuite ignored="0" hostname="IGNP-LPWDEV0167" failures="0" tests="5" name="Login Page Form Test" time="0.152" errors="0" timestamp="2024-05-28T04:09:56 IST">
  <testcase classname="maven_demo.LoginPageUITest" name="Find_Username_Label" time="0.032"/>
  <testcase classname="maven_demo.LoginPageUITest" name="Find_Email_Input" time="0.022"/>
  <testcase classname="maven_demo.LoginPageUITest" name="Find_Password_Label" time="0.021"/>
  <testcase classname="maven_demo.LoginPageUITest" name="Find_Password_Input" time="0.019"/>
  <testcase classname="maven_demo.LoginPageUITest" name="Find_Signin_Button" time="0.022"/>
</testsuite> <!-- Login Page Form Test -->
